{"level":"info","message":"\n mongo db connected !! db host: ac-tnjvo6u-shard-00-00.hmnszdi.mongodb.net","timestamp":"2025-06-14T18:10:20.580Z"}
{"level":"info","message":"Server is running on port 3000","timestamp":"2025-06-14T18:10:20.586Z"}
{"level":"info","message":"\n mongo db connected !! db host: ac-tnjvo6u-shard-00-00.hmnszdi.mongodb.net","timestamp":"2025-06-14T18:52:41.733Z"}
{"level":"info","message":"Server is running on port 3000","timestamp":"2025-06-14T18:52:41.744Z"}
{"level":"info","message":"\n mongo db connected !! db host: ac-tnjvo6u-shard-00-00.hmnszdi.mongodb.net","timestamp":"2025-06-14T19:05:17.629Z"}
{"level":"info","message":"Server is running on port 3000","timestamp":"2025-06-14T19:05:17.634Z"}
{"level":"info","message":"\n mongo db connected !! db host: ac-tnjvo6u-shard-00-00.hmnszdi.mongodb.net","timestamp":"2025-06-14T19:05:30.232Z"}
{"level":"info","message":"Server is running on port 3000","timestamp":"2025-06-14T19:05:30.242Z"}
{"level":"info","message":"{\"method\":\"OPTIONS\",\"url\":\"/api/user/register\",\"status\":\"200\",\"responseTime\":2.141}","timestamp":"2025-06-14T19:07:56.443Z"}
{"level":"info","message":"\n mongo db connected !! db host: ac-tnjvo6u-shard-00-00.hmnszdi.mongodb.net","timestamp":"2025-06-14T19:08:29.105Z"}
{"level":"info","message":"Server is running on port 3000","timestamp":"2025-06-14T19:08:29.115Z"}
{"level":"info","message":"\n mongo db connected !! db host: ac-tnjvo6u-shard-00-00.hmnszdi.mongodb.net","timestamp":"2025-06-14T19:08:31.278Z"}
{"level":"info","message":"Server is running on port 3000","timestamp":"2025-06-14T19:08:31.282Z"}
{"level":"info","message":"\n mongo db connected !! db host: ac-tnjvo6u-shard-00-00.hmnszdi.mongodb.net","timestamp":"2025-06-14T19:08:45.771Z"}
{"level":"info","message":"Server is running on port 3000","timestamp":"2025-06-14T19:08:45.782Z"}
{"level":"info","message":"\n mongo db connected !! db host: ac-tnjvo6u-shard-00-00.hmnszdi.mongodb.net","timestamp":"2025-06-14T19:08:50.070Z"}
{"level":"info","message":"Server is running on port 3000","timestamp":"2025-06-14T19:08:50.076Z"}
{"level":"info","message":"\n mongo db connected !! db host: ac-tnjvo6u-shard-00-00.hmnszdi.mongodb.net","timestamp":"2025-06-14T19:08:52.994Z"}
{"level":"info","message":"Server is running on port 3000","timestamp":"2025-06-14T19:08:52.998Z"}
{"level":"info","message":"\n mongo db connected !! db host: ac-tnjvo6u-shard-00-00.hmnszdi.mongodb.net","timestamp":"2025-06-14T19:08:55.295Z"}
{"level":"info","message":"Server is running on port 3000","timestamp":"2025-06-14T19:08:55.303Z"}
{"level":"info","message":"\n mongo db connected !! db host: ac-tnjvo6u-shard-00-00.hmnszdi.mongodb.net","timestamp":"2025-06-14T19:09:10.994Z"}
{"level":"info","message":"Server is running on port 3000","timestamp":"2025-06-14T19:09:11.001Z"}
{"level":"info","message":"\n mongo db connected !! db host: ac-tnjvo6u-shard-00-00.hmnszdi.mongodb.net","timestamp":"2025-06-14T19:09:16.973Z"}
{"level":"info","message":"Server is running on port 3000","timestamp":"2025-06-14T19:09:16.977Z"}
{"level":"info","message":"\n mongo db connected !! db host: ac-tnjvo6u-shard-00-00.hmnszdi.mongodb.net","timestamp":"2025-06-14T19:09:18.372Z"}
{"level":"info","message":"Server is running on port 3000","timestamp":"2025-06-14T19:09:18.375Z"}
{"level":"info","message":"New user registered","timestamp":"2025-06-14T19:09:20.155Z","userId":"684dc8df4bfc1aca3e7cba6d"}
{"level":"info","message":"{\"method\":\"POST\",\"url\":\"/api/user/register\",\"status\":\"201\",\"responseTime\":346.316}","timestamp":"2025-06-14T19:09:20.165Z"}
{"level":"info","message":"\n mongo db connected !! db host: ac-tnjvo6u-shard-00-00.hmnszdi.mongodb.net","timestamp":"2025-06-14T19:09:48.827Z"}
{"level":"info","message":"Server is running on port 3000","timestamp":"2025-06-14T19:09:48.833Z"}
{"level":"info","message":"\n mongo db connected !! db host: ac-tnjvo6u-shard-00-00.hmnszdi.mongodb.net","timestamp":"2025-06-14T19:09:53.134Z"}
{"level":"info","message":"Server is running on port 3000","timestamp":"2025-06-14T19:09:53.146Z"}
{"level":"info","message":"\n mongo db connected !! db host: ac-tnjvo6u-shard-00-00.hmnszdi.mongodb.net","timestamp":"2025-06-14T19:09:57.699Z"}
{"level":"info","message":"Server is running on port 3000","timestamp":"2025-06-14T19:09:57.711Z"}
{"level":"info","message":"\n mongo db connected !! db host: ac-tnjvo6u-shard-00-00.hmnszdi.mongodb.net","timestamp":"2025-06-14T19:09:59.292Z"}
{"level":"info","message":"Server is running on port 3000","timestamp":"2025-06-14T19:09:59.296Z"}
{"level":"info","message":"\n mongo db connected !! db host: ac-tnjvo6u-shard-00-00.hmnszdi.mongodb.net","timestamp":"2025-06-14T19:12:43.975Z"}
{"level":"info","message":"Server is running on port 3000","timestamp":"2025-06-14T19:12:43.986Z"}
{"level":"info","message":"{\"method\":\"POST\",\"url\":\"/api/user/login\",\"status\":\"200\",\"responseTime\":307.774}","timestamp":"2025-06-14T19:13:35.232Z"}
{"level":"info","message":"\n mongo db connected !! db host: ac-tnjvo6u-shard-00-00.hmnszdi.mongodb.net","timestamp":"2025-06-15T06:29:53.714Z"}
{"level":"info","message":"Server is running on port 3000","timestamp":"2025-06-15T06:29:53.732Z"}
{"level":"info","message":"New user registered","timestamp":"2025-06-15T06:29:57.506Z","userId":"684e6865aa0bb350b48c88d0"}
{"level":"info","message":"{\"method\":\"POST\",\"url\":\"/api/user/register\",\"status\":\"201\",\"responseTime\":300.04}","timestamp":"2025-06-15T06:29:57.517Z"}
{"level":"info","message":"{\"method\":\"POST\",\"url\":\"/api/user/login\",\"status\":\"200\",\"responseTime\":283.183}","timestamp":"2025-06-15T06:30:17.943Z"}
{"level":"info","message":"\n mongo db connected !! db host: ac-tnjvo6u-shard-00-00.hmnszdi.mongodb.net","timestamp":"2025-06-15T06:32:03.726Z"}
{"level":"info","message":"Server is running on port 3000","timestamp":"2025-06-15T06:32:03.735Z"}
{"level":"info","message":"User logged in","timestamp":"2025-06-15T06:32:32.121Z","userId":"684e6865aa0bb350b48c88d0","username":"jay_op"}
{"level":"info","message":"{\"method\":\"POST\",\"url\":\"/api/user/login\",\"status\":\"200\",\"responseTime\":293.455}","timestamp":"2025-06-15T06:32:32.128Z"}
{"level":"info","message":"\n mongo db connected !! db host: ac-tnjvo6u-shard-00-00.hmnszdi.mongodb.net","timestamp":"2025-06-15T06:34:47.368Z"}
{"level":"info","message":"Server is running on port 3000","timestamp":"2025-06-15T06:34:47.380Z"}
{"level":"info","message":"\n mongo db connected !! db host: ac-tnjvo6u-shard-00-00.hmnszdi.mongodb.net","timestamp":"2025-06-15T06:37:31.070Z"}
{"level":"info","message":"Server is running on port 3000","timestamp":"2025-06-15T06:37:31.077Z"}
{"level":"info","message":"User logged in","timestamp":"2025-06-15T06:37:47.517Z","userId":"684e6865aa0bb350b48c88d0","username":"jay_op"}
{"level":"info","message":"{\"method\":\"POST\",\"url\":\"/api/user/login\",\"status\":\"200\",\"responseTime\":466.963}","timestamp":"2025-06-15T06:37:47.526Z"}
{"level":"info","message":"User logged in","timestamp":"2025-06-15T06:42:40.040Z","userId":"684e6865aa0bb350b48c88d0","username":"jay_op"}
{"level":"info","message":"{\"method\":\"POST\",\"url\":\"/api/user/login\",\"status\":\"200\",\"responseTime\":323.25}","timestamp":"2025-06-15T06:42:40.051Z"}
{"level":"info","message":"User logged in","timestamp":"2025-06-15T06:48:48.177Z","userId":"684e6865aa0bb350b48c88d0","username":"jay_op"}
{"level":"info","message":"{\"method\":\"POST\",\"url\":\"/api/user/login\",\"status\":\"200\",\"responseTime\":300.616}","timestamp":"2025-06-15T06:48:48.182Z"}
{"level":"info","message":"User logged in","timestamp":"2025-06-15T06:51:36.614Z","userId":"684e6865aa0bb350b48c88d0","username":"jay_op"}
{"level":"info","message":"{\"method\":\"POST\",\"url\":\"/api/user/login\",\"status\":\"200\",\"responseTime\":261.498}","timestamp":"2025-06-15T06:51:36.621Z"}
{"level":"info","message":"User logged in","timestamp":"2025-06-15T07:35:08.328Z","userId":"684e6865aa0bb350b48c88d0","username":"jay_op"}
{"level":"info","message":"{\"method\":\"POST\",\"url\":\"/api/user/login\",\"status\":\"200\",\"responseTime\":303.941}","timestamp":"2025-06-15T07:35:08.338Z"}
{"level":"error","message":"Invalid email/username or password.","stack":"Error: Invalid email/username or password.\n    at file:///C:/FSDM/WIL/WIL_Project/backend/utils/asyncHandler.js:6:10","statusCode":500,"timestamp":"2025-06-15T07:35:38.178Z"}
{"level":"info","message":"{\"method\":\"POST\",\"url\":\"/api/user/login\",\"status\":\"500\",\"responseTime\":141.363}","timestamp":"2025-06-15T07:35:38.182Z"}
{"level":"error","message":"Invalid email/username or password.","stack":"Error: Invalid email/username or password.\n    at file:///C:/FSDM/WIL/WIL_Project/backend/utils/asyncHandler.js:6:10","statusCode":500,"timestamp":"2025-06-15T07:35:52.382Z"}
{"level":"info","message":"{\"method\":\"POST\",\"url\":\"/api/user/login\",\"status\":\"500\",\"responseTime\":126.128}","timestamp":"2025-06-15T07:35:52.384Z"}
{"level":"error","message":"Invalid email/username or password.","stack":"Error: Invalid email/username or password.\n    at file:///C:/FSDM/WIL/WIL_Project/backend/utils/asyncHandler.js:6:10","statusCode":500,"timestamp":"2025-06-15T07:36:49.186Z"}
{"level":"info","message":"{\"method\":\"POST\",\"url\":\"/api/user/login\",\"status\":\"500\",\"responseTime\":135.097}","timestamp":"2025-06-15T07:36:49.190Z"}
{"level":"info","message":"User logged in","timestamp":"2025-06-15T07:41:32.785Z","userId":"684e6865aa0bb350b48c88d0","username":"jay_op"}
{"level":"info","message":"{\"method\":\"POST\",\"url\":\"/api/user/login\",\"status\":\"200\",\"responseTime\":277.998}","timestamp":"2025-06-15T07:41:32.787Z"}
{"level":"info","message":"User logged in","timestamp":"2025-06-15T07:41:45.889Z","userId":"684e6865aa0bb350b48c88d0","username":"jay_op"}
{"level":"info","message":"{\"method\":\"POST\",\"url\":\"/api/user/login\",\"status\":\"200\",\"responseTime\":281.192}","timestamp":"2025-06-15T07:41:45.896Z"}
{"level":"info","message":"\n mongo db connected !! db host: ac-tnjvo6u-shard-00-00.hmnszdi.mongodb.net","timestamp":"2025-06-15T07:43:01.181Z"}
{"level":"info","message":"Server is running on port 3000","timestamp":"2025-06-15T07:43:01.185Z"}
{"level":"info","message":"\n mongo db connected !! db host: ac-tnjvo6u-shard-00-00.hmnszdi.mongodb.net","timestamp":"2025-06-15T07:43:07.484Z"}
{"level":"info","message":"Server is running on port 3000","timestamp":"2025-06-15T07:43:07.495Z"}
